[2026-03-24 21:54:23] [INFO] [LIRACOS] === Starting LIRACOS rendering ===
[2026-03-24 21:54:23] [INFO] [LIRACOS] Found 126 Level 1 files. Mode: Rewriting. Workers: 4
[2026-03-24 21:54:42] [INFO] [LIRACOS] [OK] Plots saved: 20200914sant
[2026-03-24 21:54:51] [INFO] [LIRACOS] [OK] Plots saved: 20200917saam
[2026-03-24 21:54:57] [INFO] [LIRACOS] [OK] Plots saved: 20200919sapm
[2026-03-24 21:54:58] [INFO] [LIRACOS] [OK] Plots saved: 20200926sapm
[2026-03-24 21:55:07] [INFO] [LIRACOS] [OK] Plots saved: 20200926saam
[2026-03-24 21:55:07] [INFO] [LIRACOS] [OK] Plots saved: 20200914saam
[2026-03-24 21:55:13] [INFO] [LIRACOS] [OK] Plots saved: 20200917sant
[2026-03-24 21:55:22] [INFO] [LIRACOS] [OK] Plots saved: 20200926sant
[2026-03-24 21:55:25] [INFO] [LIRACOS] [OK] Plots saved: 20200925saam
[2026-03-24 21:55:31] [INFO] [LIRACOS] [OK] Plots saved: 20200913sant
[2026-03-24 21:55:36] [INFO] [LIRACOS] [OK] Plots saved: 20200918sapm
[2026-03-24 21:55:54] [INFO] [LIRACOS] [OK] Plots saved: 20200925sapm
[2026-03-24 21:55:57] [INFO] [LIRACOS] [OK] Plots saved: 20200919saam
[2026-03-24 21:56:00] [INFO] [LIRACOS] [OK] Plots saved: 20200917sapm
[2026-03-24 21:56:06] [INFO] [LIRACOS] [OK] Plots saved: 20200913sapm
[2026-03-24 21:56:14] [INFO] [LIRACOS] [OK] Plots saved: 20200925sant
[2026-03-24 21:56:24] [INFO] [LIRACOS] [OK] Plots saved: 20200913saam
[2026-03-24 21:56:31] [INFO] [LIRACOS] [OK] Plots saved: 20200916saam
[2026-03-24 21:56:40] [INFO] [LIRACOS] [OK] Plots saved: 20200914sapm
[2026-03-24 21:56:46] [INFO] [LIRACOS] [OK] Plots saved: 20200916sapm
[2026-03-24 21:56:49] [INFO] [LIRACOS] [OK] Plots saved: 20200708saam
[2026-03-24 21:57:01] [INFO] [LIRACOS] [OK] Plots saved: 20200712sapm
[2026-03-24 21:57:02] [INFO] [LIRACOS] [OK] Plots saved: 20200721sant
[2026-03-24 21:57:08] [INFO] [LIRACOS] [OK] Plots saved: 20200711sant
[2026-03-24 21:57:20] [INFO] [LIRACOS] [OK] Plots saved: 20200721saam
[2026-03-24 21:57:21] [INFO] [LIRACOS] [OK] Plots saved: 20200721sapm
[2026-03-24 21:57:25] [INFO] [LIRACOS] [OK] Plots saved: 20200712saam
[2026-03-24 21:57:29] [INFO] [LIRACOS] [OK] Plots saved: 20200708sapm
[2026-03-24 21:57:35] [INFO] [LIRACOS] [OK] Plots saved: 20200812sant
[2026-03-24 21:57:38] [INFO] [LIRACOS] [OK] Plots saved: 20200830saam
[2026-03-24 21:57:39] [INFO] [LIRACOS] [OK] Plots saved: 20200810sant
[2026-03-24 21:57:43] [INFO] [LIRACOS] [OK] Plots saved: 20200824saam
[2026-03-24 21:57:47] [INFO] [LIRACOS] [OK] Plots saved: 20200824sant
[2026-03-24 21:58:00] [INFO] [LIRACOS] [OK] Plots saved: 20200830sapm
[2026-03-24 21:58:01] [INFO] [LIRACOS] [OK] Plots saved: 20200810sapm
[2026-03-24 21:58:01] [INFO] [LIRACOS] [OK] Plots saved: 20200824sapm
[2026-03-24 21:58:07] [INFO] [LIRACOS] [OK] Plots saved: 20200803sapm
[2026-03-24 21:58:15] [INFO] [LIRACOS] [OK] Plots saved: 20200803saam
[2026-03-24 21:58:18] [INFO] [LIRACOS] [OK] Plots saved: 20200812saam
[2026-03-24 21:58:18] [INFO] [LIRACOS] [OK] Plots saved: 20200810saam
[2026-03-24 21:58:25] [INFO] [LIRACOS] [OK] Plots saved: 20200809sapm
[2026-03-24 21:58:29] [INFO] [LIRACOS] [OK] Plots saved: 20200830sant
[2026-03-24 21:58:29] [INFO] [LIRACOS] [OK] Plots saved: 20200809saam
[2026-03-24 21:58:38] [INFO] [LIRACOS] [OK] Plots saved: 20200220saam
[2026-03-24 21:58:40] [INFO] [LIRACOS] [OK] Plots saved: 20200812sapm
[2026-03-24 21:58:42] [INFO] [LIRACOS] [OK] Plots saved: 20200216saam
[2026-03-24 21:58:43] [INFO] [LIRACOS] [OK] Plots saved: 20200215sant
[2026-03-24 21:58:51] [INFO] [LIRACOS] [OK] Plots saved: 20200207saam
[2026-03-24 21:58:54] [INFO] [LIRACOS] [OK] Plots saved: 20200218saam
[2026-03-24 21:58:55] [INFO] [LIRACOS] [OK] Plots saved: 20200219saam
[2026-03-24 21:58:56] [INFO] [LIRACOS] [OK] Plots saved: 20200217saam
[2026-03-24 21:59:04] [INFO] [LIRACOS] [OK] Plots saved: 20200214saam
[2026-03-24 21:59:07] [INFO] [LIRACOS] [OK] Plots saved: 20200218sapm
[2026-03-24 21:59:09] [INFO] [LIRACOS] [OK] Plots saved: 20200621sant
[2026-03-24 21:59:14] [INFO] [LIRACOS] [OK] Plots saved: 20200621saam
[2026-03-24 21:59:22] [INFO] [LIRACOS] [OK] Plots saved: 20200121saam
[2026-03-24 21:59:25] [INFO] [LIRACOS] [OK] Plots saved: 20200619sapm
[2026-03-24 21:59:29] [INFO] [LIRACOS] [OK] Plots saved: 20200115sapm
[2026-03-24 21:59:30] [INFO] [LIRACOS] [OK] Plots saved: 20200621sapm
[2026-03-24 21:59:32] [INFO] [LIRACOS] [OK] Plots saved: 20200111sant
[2026-03-24 21:59:38] [INFO] [LIRACOS] [OK] Plots saved: 20200116saam
[2026-03-24 21:59:42] [INFO] [LIRACOS] [OK] Plots saved: 20200121sapm
[2026-03-24 21:59:45] [INFO] [LIRACOS] [OK] Plots saved: 20200126saam
[2026-03-24 21:59:47] [INFO] [LIRACOS] [OK] Plots saved: 20200125sant
[2026-03-24 21:59:52] [INFO] [LIRACOS] [OK] Plots saved: 20200126sant
[2026-03-24 21:59:56] [INFO] [LIRACOS] [OK] Plots saved: 20200115saam
[2026-03-24 21:59:59] [INFO] [LIRACOS] [OK] Plots saved: 20200126sapm
[2026-03-24 22:00:03] [INFO] [LIRACOS] [OK] Plots saved: 20200129saam
[2026-03-24 22:00:04] [INFO] [LIRACOS] [OK] Plots saved: 20200115sant
[2026-03-24 22:00:07] [INFO] [LIRACOS] [OK] Plots saved: 20200130saam
[2026-03-24 22:00:14] [INFO] [LIRACOS] [OK] Plots saved: 20200107saam
[2026-03-24 22:00:16] [INFO] [LIRACOS] [OK] Plots saved: 20201127sapm
[2026-03-24 22:00:19] [INFO] [LIRACOS] [OK] Plots saved: 20200309sapm
[2026-03-24 22:00:28] [INFO] [LIRACOS] [OK] Plots saved: 20200312saam
[2026-03-24 22:00:29] [INFO] [LIRACOS] [OK] Plots saved: 20200317saam
[2026-03-24 22:00:29] [INFO] [LIRACOS] [OK] Plots saved: 20200312sapm
[2026-03-24 22:00:30] [INFO] [LIRACOS] [OK] Plots saved: 20200304saam
[2026-03-24 22:00:39] [INFO] [LIRACOS] [OK] Plots saved: 20200324sapm
[2026-03-24 22:00:39] [INFO] [LIRACOS] [OK] Plots saved: 20200310sant
[2026-03-24 22:00:42] [INFO] [LIRACOS] [OK] Plots saved: 20200316saam
[2026-03-24 22:00:49] [INFO] [LIRACOS] [OK] Plots saved: 20200302sapm
[2026-03-24 22:00:51] [INFO] [LIRACOS] [OK] Plots saved: 20200313sapm
[2026-03-24 22:00:55] [INFO] [LIRACOS] [OK] Plots saved: 20200312sant
[2026-03-24 22:00:57] [INFO] [LIRACOS] [OK] Plots saved: 20200305saam
[2026-03-24 22:01:06] [INFO] [LIRACOS] [OK] Plots saved: 20200324saam
[2026-03-24 22:01:09] [INFO] [LIRACOS] [OK] Plots saved: 20200309saam
[2026-03-24 22:01:13] [INFO] [LIRACOS] [OK] Plots saved: 20200306sapm
[2026-03-24 22:01:16] [INFO] [LIRACOS] [OK] Plots saved: 20200316sapm
[2026-03-24 22:01:21] [INFO] [LIRACOS] [OK] Plots saved: 20200306saam
[2026-03-24 22:01:25] [INFO] [LIRACOS] [OK] Plots saved: 20200310saam
[2026-03-24 22:01:27] [INFO] [LIRACOS] [OK] Plots saved: 20200306sant
[2026-03-24 22:01:35] [INFO] [LIRACOS] [OK] Plots saved: 20200310sapm
[2026-03-24 22:01:36] [INFO] [LIRACOS] [OK] Plots saved: 20200313saam
[2026-03-24 22:01:37] [INFO] [LIRACOS] [OK] Plots saved: 20200315sapm
[2026-03-24 22:01:40] [INFO] [LIRACOS] [OK] Plots saved: 20200314sant
[2026-03-24 22:01:46] [INFO] [LIRACOS] [OK] Plots saved: 20200317sapm
[2026-03-24 22:01:48] [INFO] [LIRACOS] [OK] Plots saved: 20201204saam
[2026-03-24 22:01:49] [INFO] [LIRACOS] [OK] Plots saved: 20200315saam
[2026-03-24 22:01:49] [ERROR] [LIRACOS] [FAILED] Error plotting 20200428sant_level1_rcs.nc
Traceback (most recent call last):
  File "/home/lidar-luisa/Documentos/milgrau/liracos.py", line 325, in process_single_nc
    plot_quicklook(sig_slice, err_slice, max_altitude, channel_name, ds, output_folder, file_name_prefix)
  File "/home/lidar-luisa/Documentos/milgrau/liracos.py", line 142, in plot_quicklook
    plot = data_slice.plot(
           ^^^^^^^^^^^^^^^^
  File "/home/lidar-luisa/Documentos/milgrau/.venv/lib/python3.12/site-packages/xarray/plot/accessor.py", line 48, in __call__
    return dataarray_plot.plot(self._da, **kwargs)
           ^^^^^^^^^^^^^^^^^^^^^^^^^^^^^^^^^^^^^^^
  File "/home/lidar-luisa/Documentos/milgrau/.venv/lib/python3.12/site-packages/xarray/plot/dataarray_plot.py", line 316, in plot
    return plotfunc(darray, **kwargs)
           ^^^^^^^^^^^^^^^^^^^^^^^^^^
  File "/home/lidar-luisa/Documentos/milgrau/.venv/lib/python3.12/site-packages/xarray/plot/dataarray_plot.py", line 507, in line
    xplt, yplt, hueplt, hue_label = _infer_line_data(darray, x, y, hue)
                                    ^^^^^^^^^^^^^^^^^^^^^^^^^^^^^^^^^^^
  File "/home/lidar-luisa/Documentos/milgrau/.venv/lib/python3.12/site-packages/xarray/plot/dataarray_plot.py", line 70, in _infer_line_data
    raise ValueError("Cannot specify both x and y kwargs for line plots.")
ValueError: Cannot specify both x and y kwargs for line plots.
[2026-03-24 22:01:57] [INFO] [LIRACOS] [OK] Plots saved: 20200426sapm
[2026-03-24 22:01:59] [INFO] [LIRACOS] [OK] Plots saved: 20200426sant
[2026-03-24 22:02:00] [INFO] [LIRACOS] [OK] Plots saved: 20200424sapm
[2026-03-24 22:02:04] [INFO] [LIRACOS] [OK] Plots saved: 20200428sapm
[2026-03-24 22:02:07] [INFO] [LIRACOS] [OK] Plots saved: 20200424saam
[2026-03-24 22:02:12] [INFO] [LIRACOS] [OK] Plots saved: 20200426saam
[2026-03-24 22:02:14] [INFO] [LIRACOS] [OK] Plots saved: 20200428saam
[2026-03-24 22:02:16] [INFO] [LIRACOS] [OK] Plots saved: 20200517saam
[2026-03-24 22:02:18] [INFO] [LIRACOS] [OK] Plots saved: 20200526saam
[2026-03-24 22:02:26] [INFO] [LIRACOS] [OK] Plots saved: 20200517sant
[2026-03-24 22:02:27] [INFO] [LIRACOS] [OK] Plots saved: 20200505sant
[2026-03-24 22:02:29] [INFO] [LIRACOS] [OK] Plots saved: 20200519saam
[2026-03-24 22:02:30] [INFO] [LIRACOS] [OK] Plots saved: 20200510saam
[2026-03-24 22:02:40] [INFO] [LIRACOS] [OK] Plots saved: 20200526sapm
[2026-03-24 22:02:42] [INFO] [LIRACOS] [OK] Plots saved: 20200531saam
[2026-03-24 22:02:46] [INFO] [LIRACOS] [OK] Plots saved: 20200510sapm
[2026-03-24 22:02:49] [INFO] [LIRACOS] [OK] Plots saved: 20200517sapm
[2026-03-24 22:02:52] [INFO] [LIRACOS] [OK] Plots saved: 20200505saam
[2026-03-24 22:02:58] [INFO] [LIRACOS] [OK] Plots saved: 20200519sapm
[2026-03-24 22:02:59] [INFO] [LIRACOS] [OK] Plots saved: 20200510sant
[2026-03-24 22:03:01] [INFO] [LIRACOS] [OK] Plots saved: 20200519sant
[2026-03-24 22:03:08] [INFO] [LIRACOS] [OK] Plots saved: 20201019sapm
[2026-03-24 22:03:08] [INFO] [LIRACOS] [OK] Plots saved: 20200531sapm
[2026-03-24 22:03:14] [INFO] [LIRACOS] [OK] Plots saved: 20201002sant
[2026-03-24 22:03:15] [INFO] [LIRACOS] [OK] Plots saved: 20200505sapm
[2026-03-24 22:03:24] [INFO] [LIRACOS] [OK] Plots saved: 20201002saam
[2026-03-24 22:03:28] [INFO] [LIRACOS] [OK] Plots saved: 20201002sapm
[2026-03-24 22:03:28] [WARNING] [LIRACOS] === LIRACOS finished, but some plots failed. Check the logs. ===
